[0.727s] Invoking command in '/home/imsnto/ros2_ws/src/my_robot_controller': PYTHONPATH=/home/imsnto/ros2_ws/src/build/my_robot_controller/prefix_override:/home/imsnto/ros2_ws/src/install/my_robot_controller/lib/python3.10/site-packages:${PYTHONPATH} /usr/bin/python3 setup.py egg_info --egg-base ../build/my_robot_controller build --build-base /home/imsnto/ros2_ws/src/build/my_robot_controller/build install --record /home/imsnto/ros2_ws/src/build/my_robot_controller/install.log --single-version-externally-managed
[1.005s] running egg_info
[1.005s] creating ../build/my_robot_controller/my_robot_controller.egg-info
[1.005s] writing ../build/my_robot_controller/my_robot_controller.egg-info/PKG-INFO
[1.005s] writing dependency_links to ../build/my_robot_controller/my_robot_controller.egg-info/dependency_links.txt
[1.006s] writing entry points to ../build/my_robot_controller/my_robot_controller.egg-info/entry_points.txt
[1.006s] writing requirements to ../build/my_robot_controller/my_robot_controller.egg-info/requires.txt
[1.006s] writing top-level names to ../build/my_robot_controller/my_robot_controller.egg-info/top_level.txt
[1.006s] writing manifest file '../build/my_robot_controller/my_robot_controller.egg-info/SOURCES.txt'
[1.008s] reading manifest file '../build/my_robot_controller/my_robot_controller.egg-info/SOURCES.txt'
[1.009s] writing manifest file '../build/my_robot_controller/my_robot_controller.egg-info/SOURCES.txt'
[1.009s] running build
[1.009s] running build_py
[1.009s] creating /home/imsnto/ros2_ws/src/build/my_robot_controller/build
[1.009s] creating /home/imsnto/ros2_ws/src/build/my_robot_controller/build/lib
[1.009s] creating /home/imsnto/ros2_ws/src/build/my_robot_controller/build/lib/my_robot_controller
[1.009s] copying my_robot_controller/__init__.py -> /home/imsnto/ros2_ws/src/build/my_robot_controller/build/lib/my_robot_controller
[1.010s] running install
[1.010s] running install_lib
[1.011s] creating /home/imsnto/ros2_ws/src/install/my_robot_controller/lib/python3.10/site-packages/my_robot_controller
[1.011s] copying /home/imsnto/ros2_ws/src/build/my_robot_controller/build/lib/my_robot_controller/__init__.py -> /home/imsnto/ros2_ws/src/install/my_robot_controller/lib/python3.10/site-packages/my_robot_controller
[1.011s] byte-compiling /home/imsnto/ros2_ws/src/install/my_robot_controller/lib/python3.10/site-packages/my_robot_controller/__init__.py to __init__.cpython-310.pyc
[1.012s] running install_data
[1.012s] creating /home/imsnto/ros2_ws/src/install/my_robot_controller/share/ament_index
[1.013s] creating /home/imsnto/ros2_ws/src/install/my_robot_controller/share/ament_index/resource_index
[1.013s] creating /home/imsnto/ros2_ws/src/install/my_robot_controller/share/ament_index/resource_index/packages
[1.013s] copying resource/my_robot_controller -> /home/imsnto/ros2_ws/src/install/my_robot_controller/share/ament_index/resource_index/packages
[1.013s] copying package.xml -> /home/imsnto/ros2_ws/src/install/my_robot_controller/share/my_robot_controller
[1.013s] running install_egg_info
[1.015s] Copying ../build/my_robot_controller/my_robot_controller.egg-info to /home/imsnto/ros2_ws/src/install/my_robot_controller/lib/python3.10/site-packages/my_robot_controller-0.0.0-py3.10.egg-info
[1.016s] running install_scripts
[1.038s] writing list of installed files to '/home/imsnto/ros2_ws/src/build/my_robot_controller/install.log'
[1.069s] Invoked command in '/home/imsnto/ros2_ws/src/my_robot_controller' returned '0': PYTHONPATH=/home/imsnto/ros2_ws/src/build/my_robot_controller/prefix_override:/home/imsnto/ros2_ws/src/install/my_robot_controller/lib/python3.10/site-packages:${PYTHONPATH} /usr/bin/python3 setup.py egg_info --egg-base ../build/my_robot_controller build --build-base /home/imsnto/ros2_ws/src/build/my_robot_controller/build install --record /home/imsnto/ros2_ws/src/build/my_robot_controller/install.log --single-version-externally-managed
