[0.718s] Invoking command in '/home/imsnto/ros2_ws/build/my_robot_controller': PYTHONPATH=/home/imsnto/ros2_ws/build/my_robot_controller/prefix_override:/home/imsnto/ros2_ws/install/my_robot_controller/lib/python3.10/site-packages:${PYTHONPATH} /usr/bin/python3 setup.py develop --uninstall --editable --build-directory /home/imsnto/ros2_ws/build/my_robot_controller/build
[1.021s] running develop
[1.205s] Removing /home/imsnto/ros2_ws/install/my_robot_controller/lib/python3.10/site-packages/my-robot-controller.egg-link (link to .)
[1.246s] Invoked command in '/home/imsnto/ros2_ws/build/my_robot_controller' returned '0': PYTHONPATH=/home/imsnto/ros2_ws/build/my_robot_controller/prefix_override:/home/imsnto/ros2_ws/install/my_robot_controller/lib/python3.10/site-packages:${PYTHONPATH} /usr/bin/python3 setup.py develop --uninstall --editable --build-directory /home/imsnto/ros2_ws/build/my_robot_controller/build
[1.247s] Invoking command in '/home/imsnto/ros2_ws/src/my_robot_controller': PYTHONPATH=/home/imsnto/ros2_ws/build/my_robot_controller/prefix_override:/home/imsnto/ros2_ws/install/my_robot_controller/lib/python3.10/site-packages:${PYTHONPATH} /usr/bin/python3 setup.py egg_info --egg-base ../../build/my_robot_controller build --build-base /home/imsnto/ros2_ws/build/my_robot_controller/build install --record /home/imsnto/ros2_ws/build/my_robot_controller/install.log --single-version-externally-managed
[1.535s] running egg_info
[1.536s] writing ../../build/my_robot_controller/my_robot_controller.egg-info/PKG-INFO
[1.536s] writing dependency_links to ../../build/my_robot_controller/my_robot_controller.egg-info/dependency_links.txt
[1.537s] writing entry points to ../../build/my_robot_controller/my_robot_controller.egg-info/entry_points.txt
[1.537s] writing requirements to ../../build/my_robot_controller/my_robot_controller.egg-info/requires.txt
[1.537s] writing top-level names to ../../build/my_robot_controller/my_robot_controller.egg-info/top_level.txt
[1.540s] reading manifest file '../../build/my_robot_controller/my_robot_controller.egg-info/SOURCES.txt'
[1.541s] writing manifest file '../../build/my_robot_controller/my_robot_controller.egg-info/SOURCES.txt'
[1.541s] running build
[1.541s] running build_py
[1.542s] copying my_robot_controller/draw_circle.py -> /home/imsnto/ros2_ws/build/my_robot_controller/build/lib/my_robot_controller
[1.542s] running install
[1.542s] running install_lib
[1.543s] creating /home/imsnto/ros2_ws/install/my_robot_controller/lib/python3.10/site-packages/my_robot_controller
[1.543s] copying /home/imsnto/ros2_ws/build/my_robot_controller/build/lib/my_robot_controller/my_first_node.py -> /home/imsnto/ros2_ws/install/my_robot_controller/lib/python3.10/site-packages/my_robot_controller
[1.543s] copying /home/imsnto/ros2_ws/build/my_robot_controller/build/lib/my_robot_controller/draw_circle.py -> /home/imsnto/ros2_ws/install/my_robot_controller/lib/python3.10/site-packages/my_robot_controller
[1.543s] copying /home/imsnto/ros2_ws/build/my_robot_controller/build/lib/my_robot_controller/__init__.py -> /home/imsnto/ros2_ws/install/my_robot_controller/lib/python3.10/site-packages/my_robot_controller
[1.544s] byte-compiling /home/imsnto/ros2_ws/install/my_robot_controller/lib/python3.10/site-packages/my_robot_controller/my_first_node.py to my_first_node.cpython-310.pyc
[1.545s] byte-compiling /home/imsnto/ros2_ws/install/my_robot_controller/lib/python3.10/site-packages/my_robot_controller/draw_circle.py to draw_circle.cpython-310.pyc
[1.545s] byte-compiling /home/imsnto/ros2_ws/install/my_robot_controller/lib/python3.10/site-packages/my_robot_controller/__init__.py to __init__.cpython-310.pyc
[1.545s] running install_data
[1.546s] running install_egg_info
[1.548s] Copying ../../build/my_robot_controller/my_robot_controller.egg-info to /home/imsnto/ros2_ws/install/my_robot_controller/lib/python3.10/site-packages/my_robot_controller-0.0.0-py3.10.egg-info
[1.548s] running install_scripts
[1.570s] Installing draw_circle script to /home/imsnto/ros2_ws/install/my_robot_controller/lib/my_robot_controller
[1.571s] Installing test_node script to /home/imsnto/ros2_ws/install/my_robot_controller/lib/my_robot_controller
[1.571s] writing list of installed files to '/home/imsnto/ros2_ws/build/my_robot_controller/install.log'
[1.601s] Invoked command in '/home/imsnto/ros2_ws/src/my_robot_controller' returned '0': PYTHONPATH=/home/imsnto/ros2_ws/build/my_robot_controller/prefix_override:/home/imsnto/ros2_ws/install/my_robot_controller/lib/python3.10/site-packages:${PYTHONPATH} /usr/bin/python3 setup.py egg_info --egg-base ../../build/my_robot_controller build --build-base /home/imsnto/ros2_ws/build/my_robot_controller/build install --record /home/imsnto/ros2_ws/build/my_robot_controller/install.log --single-version-externally-managed
