[0.749s] Invoking command in '/home/imsnto/ros2_ws/build/my_robot_controller': PYTHONPATH=/home/imsnto/ros2_ws/build/my_robot_controller/prefix_override:/home/imsnto/ros2_ws/install/my_robot_controller/lib/python3.10/site-packages:${PYTHONPATH} /usr/bin/python3 setup.py develop --uninstall --editable --build-directory /home/imsnto/ros2_ws/build/my_robot_controller/build
[1.063s] running develop
[1.246s] Removing /home/imsnto/ros2_ws/install/my_robot_controller/lib/python3.10/site-packages/my-robot-controller.egg-link (link to .)
[1.281s] Invoked command in '/home/imsnto/ros2_ws/build/my_robot_controller' returned '0': PYTHONPATH=/home/imsnto/ros2_ws/build/my_robot_controller/prefix_override:/home/imsnto/ros2_ws/install/my_robot_controller/lib/python3.10/site-packages:${PYTHONPATH} /usr/bin/python3 setup.py develop --uninstall --editable --build-directory /home/imsnto/ros2_ws/build/my_robot_controller/build
[1.282s] Invoking command in '/home/imsnto/ros2_ws/src/my_robot_controller': PYTHONPATH=/home/imsnto/ros2_ws/build/my_robot_controller/prefix_override:/home/imsnto/ros2_ws/install/my_robot_controller/lib/python3.10/site-packages:${PYTHONPATH} /usr/bin/python3 setup.py egg_info --egg-base ../../build/my_robot_controller build --build-base /home/imsnto/ros2_ws/build/my_robot_controller/build install --record /home/imsnto/ros2_ws/build/my_robot_controller/install.log --single-version-externally-managed
[1.572s] running egg_info
[1.573s] writing ../../build/my_robot_controller/my_robot_controller.egg-info/PKG-INFO
[1.574s] writing dependency_links to ../../build/my_robot_controller/my_robot_controller.egg-info/dependency_links.txt
[1.574s] writing entry points to ../../build/my_robot_controller/my_robot_controller.egg-info/entry_points.txt
[1.574s] writing requirements to ../../build/my_robot_controller/my_robot_controller.egg-info/requires.txt
[1.574s] writing top-level names to ../../build/my_robot_controller/my_robot_controller.egg-info/top_level.txt
[1.577s] reading manifest file '../../build/my_robot_controller/my_robot_controller.egg-info/SOURCES.txt'
[1.579s] writing manifest file '../../build/my_robot_controller/my_robot_controller.egg-info/SOURCES.txt'
[1.579s] running build
[1.579s] running build_py
[1.579s] running install
[1.580s] running install_lib
[1.581s] creating /home/imsnto/ros2_ws/install/my_robot_controller/lib/python3.10/site-packages/my_robot_controller
[1.581s] copying /home/imsnto/ros2_ws/build/my_robot_controller/build/lib/my_robot_controller/my_first_node.py -> /home/imsnto/ros2_ws/install/my_robot_controller/lib/python3.10/site-packages/my_robot_controller
[1.581s] copying /home/imsnto/ros2_ws/build/my_robot_controller/build/lib/my_robot_controller/draw_circle.py -> /home/imsnto/ros2_ws/install/my_robot_controller/lib/python3.10/site-packages/my_robot_controller
[1.581s] copying /home/imsnto/ros2_ws/build/my_robot_controller/build/lib/my_robot_controller/__init__.py -> /home/imsnto/ros2_ws/install/my_robot_controller/lib/python3.10/site-packages/my_robot_controller
[1.581s] byte-compiling /home/imsnto/ros2_ws/install/my_robot_controller/lib/python3.10/site-packages/my_robot_controller/my_first_node.py to my_first_node.cpython-310.pyc
[1.582s] byte-compiling /home/imsnto/ros2_ws/install/my_robot_controller/lib/python3.10/site-packages/my_robot_controller/draw_circle.py to draw_circle.cpython-310.pyc
[1.582s] byte-compiling /home/imsnto/ros2_ws/install/my_robot_controller/lib/python3.10/site-packages/my_robot_controller/__init__.py to __init__.cpython-310.pyc
[1.583s] running install_data
[1.583s] running install_egg_info
[1.586s] Copying ../../build/my_robot_controller/my_robot_controller.egg-info to /home/imsnto/ros2_ws/install/my_robot_controller/lib/python3.10/site-packages/my_robot_controller-0.0.0-py3.10.egg-info
[1.587s] running install_scripts
[1.610s] Installing draw_circle script to /home/imsnto/ros2_ws/install/my_robot_controller/lib/my_robot_controller
[1.610s] Installing test_node script to /home/imsnto/ros2_ws/install/my_robot_controller/lib/my_robot_controller
[1.611s] writing list of installed files to '/home/imsnto/ros2_ws/build/my_robot_controller/install.log'
[1.642s] Invoked command in '/home/imsnto/ros2_ws/src/my_robot_controller' returned '0': PYTHONPATH=/home/imsnto/ros2_ws/build/my_robot_controller/prefix_override:/home/imsnto/ros2_ws/install/my_robot_controller/lib/python3.10/site-packages:${PYTHONPATH} /usr/bin/python3 setup.py egg_info --egg-base ../../build/my_robot_controller build --build-base /home/imsnto/ros2_ws/build/my_robot_controller/build install --record /home/imsnto/ros2_ws/build/my_robot_controller/install.log --single-version-externally-managed
