[0.790s] Invoking command in '/home/imsnto/ros2_ws/src/my_robot_controller/build/my_robot_controller': PYTHONPATH=/home/imsnto/ros2_ws/src/my_robot_controller/build/my_robot_controller/prefix_override:/home/imsnto/ros2_ws/src/my_robot_controller/install/my_robot_controller/lib/python3.10/site-packages:${PYTHONPATH} /usr/bin/python3 setup.py develop --editable --build-directory /home/imsnto/ros2_ws/src/my_robot_controller/build/my_robot_controller/build --no-deps install_data
[1.119s] running develop
[1.412s] running egg_info
[1.412s] creating my_robot_controller.egg-info
[1.413s] writing my_robot_controller.egg-info/PKG-INFO
[1.413s] writing dependency_links to my_robot_controller.egg-info/dependency_links.txt
[1.413s] writing entry points to my_robot_controller.egg-info/entry_points.txt
[1.413s] writing requirements to my_robot_controller.egg-info/requires.txt
[1.413s] writing top-level names to my_robot_controller.egg-info/top_level.txt
[1.414s] writing manifest file 'my_robot_controller.egg-info/SOURCES.txt'
[1.416s] reading manifest file 'my_robot_controller.egg-info/SOURCES.txt'
[1.417s] writing manifest file 'my_robot_controller.egg-info/SOURCES.txt'
[1.420s] running build_ext
[1.420s] Creating /home/imsnto/ros2_ws/src/my_robot_controller/install/my_robot_controller/lib/python3.10/site-packages/my-robot-controller.egg-link (link to .)
[1.421s] 
[1.421s] Installed /home/imsnto/ros2_ws/src/my_robot_controller/build/my_robot_controller
[1.422s] running install_data
[1.422s] creating /home/imsnto/ros2_ws/src/my_robot_controller/install/my_robot_controller/share/ament_index
[1.422s] creating /home/imsnto/ros2_ws/src/my_robot_controller/install/my_robot_controller/share/ament_index/resource_index
[1.422s] creating /home/imsnto/ros2_ws/src/my_robot_controller/install/my_robot_controller/share/ament_index/resource_index/packages
[1.422s] copying resource/my_robot_controller -> /home/imsnto/ros2_ws/src/my_robot_controller/install/my_robot_controller/share/ament_index/resource_index/packages
[1.422s] copying package.xml -> /home/imsnto/ros2_ws/src/my_robot_controller/install/my_robot_controller/share/my_robot_controller
[1.487s] Invoked command in '/home/imsnto/ros2_ws/src/my_robot_controller/build/my_robot_controller' returned '0': PYTHONPATH=/home/imsnto/ros2_ws/src/my_robot_controller/build/my_robot_controller/prefix_override:/home/imsnto/ros2_ws/src/my_robot_controller/install/my_robot_controller/lib/python3.10/site-packages:${PYTHONPATH} /usr/bin/python3 setup.py develop --editable --build-directory /home/imsnto/ros2_ws/src/my_robot_controller/build/my_robot_controller/build --no-deps install_data
