[0.711s] Invoking command in '/home/imsnto/ros2_ws/src/my_robot_controller': PYTHONPATH=/home/imsnto/ros2_ws/build/my_robot_controller/prefix_override:/home/imsnto/ros2_ws/install/my_robot_controller/lib/python3.10/site-packages:${PYTHONPATH} /usr/bin/python3 setup.py egg_info --egg-base ../../build/my_robot_controller build --build-base /home/imsnto/ros2_ws/build/my_robot_controller/build install --record /home/imsnto/ros2_ws/build/my_robot_controller/install.log --single-version-externally-managed
[0.999s] running egg_info
[0.999s] creating ../../build/my_robot_controller/my_robot_controller.egg-info
[1.000s] writing ../../build/my_robot_controller/my_robot_controller.egg-info/PKG-INFO
[1.000s] writing dependency_links to ../../build/my_robot_controller/my_robot_controller.egg-info/dependency_links.txt
[1.000s] writing entry points to ../../build/my_robot_controller/my_robot_controller.egg-info/entry_points.txt
[1.000s] writing requirements to ../../build/my_robot_controller/my_robot_controller.egg-info/requires.txt
[1.000s] writing top-level names to ../../build/my_robot_controller/my_robot_controller.egg-info/top_level.txt
[1.001s] writing manifest file '../../build/my_robot_controller/my_robot_controller.egg-info/SOURCES.txt'
[1.003s] reading manifest file '../../build/my_robot_controller/my_robot_controller.egg-info/SOURCES.txt'
[1.004s] writing manifest file '../../build/my_robot_controller/my_robot_controller.egg-info/SOURCES.txt'
[1.004s] running build
[1.004s] running build_py
[1.004s] creating /home/imsnto/ros2_ws/build/my_robot_controller/build
[1.004s] creating /home/imsnto/ros2_ws/build/my_robot_controller/build/lib
[1.005s] creating /home/imsnto/ros2_ws/build/my_robot_controller/build/lib/my_robot_controller
[1.005s] copying my_robot_controller/my_first_node.py -> /home/imsnto/ros2_ws/build/my_robot_controller/build/lib/my_robot_controller
[1.005s] copying my_robot_controller/__init__.py -> /home/imsnto/ros2_ws/build/my_robot_controller/build/lib/my_robot_controller
[1.005s] running install
[1.005s] running install_lib
[1.006s] creating /home/imsnto/ros2_ws/install/my_robot_controller/lib/python3.10/site-packages/my_robot_controller
[1.006s] copying /home/imsnto/ros2_ws/build/my_robot_controller/build/lib/my_robot_controller/my_first_node.py -> /home/imsnto/ros2_ws/install/my_robot_controller/lib/python3.10/site-packages/my_robot_controller
[1.006s] copying /home/imsnto/ros2_ws/build/my_robot_controller/build/lib/my_robot_controller/__init__.py -> /home/imsnto/ros2_ws/install/my_robot_controller/lib/python3.10/site-packages/my_robot_controller
[1.006s] byte-compiling /home/imsnto/ros2_ws/install/my_robot_controller/lib/python3.10/site-packages/my_robot_controller/my_first_node.py to my_first_node.cpython-310.pyc
[1.007s] byte-compiling /home/imsnto/ros2_ws/install/my_robot_controller/lib/python3.10/site-packages/my_robot_controller/__init__.py to __init__.cpython-310.pyc
[1.007s] running install_data
[1.008s] creating /home/imsnto/ros2_ws/install/my_robot_controller/share/ament_index
[1.008s] creating /home/imsnto/ros2_ws/install/my_robot_controller/share/ament_index/resource_index
[1.008s] creating /home/imsnto/ros2_ws/install/my_robot_controller/share/ament_index/resource_index/packages
[1.008s] copying resource/my_robot_controller -> /home/imsnto/ros2_ws/install/my_robot_controller/share/ament_index/resource_index/packages
[1.008s] copying package.xml -> /home/imsnto/ros2_ws/install/my_robot_controller/share/my_robot_controller
[1.008s] running install_egg_info
[1.010s] Copying ../../build/my_robot_controller/my_robot_controller.egg-info to /home/imsnto/ros2_ws/install/my_robot_controller/lib/python3.10/site-packages/my_robot_controller-0.0.0-py3.10.egg-info
[1.011s] running install_scripts
[1.033s] Installing test_node script to /home/imsnto/ros2_ws/install/my_robot_controller/lib/my_robot_controller
[1.033s] writing list of installed files to '/home/imsnto/ros2_ws/build/my_robot_controller/install.log'
[1.066s] Invoked command in '/home/imsnto/ros2_ws/src/my_robot_controller' returned '0': PYTHONPATH=/home/imsnto/ros2_ws/build/my_robot_controller/prefix_override:/home/imsnto/ros2_ws/install/my_robot_controller/lib/python3.10/site-packages:${PYTHONPATH} /usr/bin/python3 setup.py egg_info --egg-base ../../build/my_robot_controller build --build-base /home/imsnto/ros2_ws/build/my_robot_controller/build install --record /home/imsnto/ros2_ws/build/my_robot_controller/install.log --single-version-externally-managed
