[0.944s] Invoking command in '/home/imsnto/ros2_ws/build/my_robot_controller': PYTHONPATH=/home/imsnto/ros2_ws/build/my_robot_controller/prefix_override:/home/imsnto/ros2_ws/install/my_robot_controller/lib/python3.10/site-packages:${PYTHONPATH} /usr/bin/python3 setup.py develop --uninstall --editable --build-directory /home/imsnto/ros2_ws/build/my_robot_controller/build
[1.323s] running develop
[1.547s] Removing /home/imsnto/ros2_ws/install/my_robot_controller/lib/python3.10/site-packages/my-robot-controller.egg-link (link to .)
[1.593s] Invoked command in '/home/imsnto/ros2_ws/build/my_robot_controller' returned '0': PYTHONPATH=/home/imsnto/ros2_ws/build/my_robot_controller/prefix_override:/home/imsnto/ros2_ws/install/my_robot_controller/lib/python3.10/site-packages:${PYTHONPATH} /usr/bin/python3 setup.py develop --uninstall --editable --build-directory /home/imsnto/ros2_ws/build/my_robot_controller/build
[1.595s] Invoking command in '/home/imsnto/ros2_ws/src/my_robot_controller': PYTHONPATH=/home/imsnto/ros2_ws/build/my_robot_controller/prefix_override:/home/imsnto/ros2_ws/install/my_robot_controller/lib/python3.10/site-packages:${PYTHONPATH} /usr/bin/python3 setup.py egg_info --egg-base ../../build/my_robot_controller build --build-base /home/imsnto/ros2_ws/build/my_robot_controller/build install --record /home/imsnto/ros2_ws/build/my_robot_controller/install.log --single-version-externally-managed
[1.939s] running egg_info
[1.940s] writing ../../build/my_robot_controller/my_robot_controller.egg-info/PKG-INFO
[1.940s] writing dependency_links to ../../build/my_robot_controller/my_robot_controller.egg-info/dependency_links.txt
[1.941s] writing entry points to ../../build/my_robot_controller/my_robot_controller.egg-info/entry_points.txt
[1.941s] writing requirements to ../../build/my_robot_controller/my_robot_controller.egg-info/requires.txt
[1.941s] writing top-level names to ../../build/my_robot_controller/my_robot_controller.egg-info/top_level.txt
[1.943s] reading manifest file '../../build/my_robot_controller/my_robot_controller.egg-info/SOURCES.txt'
[1.944s] writing manifest file '../../build/my_robot_controller/my_robot_controller.egg-info/SOURCES.txt'
[1.944s] running build
[1.945s] running build_py
[1.945s] copying my_robot_controller/draw_circle.py -> /home/imsnto/ros2_ws/build/my_robot_controller/build/lib/my_robot_controller
[1.945s] running install
[1.945s] running install_lib
[1.946s] creating /home/imsnto/ros2_ws/install/my_robot_controller/lib/python3.10/site-packages/my_robot_controller
[1.947s] copying /home/imsnto/ros2_ws/build/my_robot_controller/build/lib/my_robot_controller/my_first_node.py -> /home/imsnto/ros2_ws/install/my_robot_controller/lib/python3.10/site-packages/my_robot_controller
[1.947s] copying /home/imsnto/ros2_ws/build/my_robot_controller/build/lib/my_robot_controller/draw_circle.py -> /home/imsnto/ros2_ws/install/my_robot_controller/lib/python3.10/site-packages/my_robot_controller
[1.947s] copying /home/imsnto/ros2_ws/build/my_robot_controller/build/lib/my_robot_controller/__init__.py -> /home/imsnto/ros2_ws/install/my_robot_controller/lib/python3.10/site-packages/my_robot_controller
[1.947s] byte-compiling /home/imsnto/ros2_ws/install/my_robot_controller/lib/python3.10/site-packages/my_robot_controller/my_first_node.py to my_first_node.cpython-310.pyc
[1.948s] byte-compiling /home/imsnto/ros2_ws/install/my_robot_controller/lib/python3.10/site-packages/my_robot_controller/draw_circle.py to draw_circle.cpython-310.pyc
[1.948s] byte-compiling /home/imsnto/ros2_ws/install/my_robot_controller/lib/python3.10/site-packages/my_robot_controller/__init__.py to __init__.cpython-310.pyc
[1.948s] running install_data
[1.949s] running install_egg_info
[1.952s] Copying ../../build/my_robot_controller/my_robot_controller.egg-info to /home/imsnto/ros2_ws/install/my_robot_controller/lib/python3.10/site-packages/my_robot_controller-0.0.0-py3.10.egg-info
[1.954s] running install_scripts
[1.979s] Installing draw_circle script to /home/imsnto/ros2_ws/install/my_robot_controller/lib/my_robot_controller
[1.979s] Installing test_node script to /home/imsnto/ros2_ws/install/my_robot_controller/lib/my_robot_controller
[1.980s] writing list of installed files to '/home/imsnto/ros2_ws/build/my_robot_controller/install.log'
[2.019s] Invoked command in '/home/imsnto/ros2_ws/src/my_robot_controller' returned '0': PYTHONPATH=/home/imsnto/ros2_ws/build/my_robot_controller/prefix_override:/home/imsnto/ros2_ws/install/my_robot_controller/lib/python3.10/site-packages:${PYTHONPATH} /usr/bin/python3 setup.py egg_info --egg-base ../../build/my_robot_controller build --build-base /home/imsnto/ros2_ws/build/my_robot_controller/build install --record /home/imsnto/ros2_ws/build/my_robot_controller/install.log --single-version-externally-managed
